<?xml version="1.0" encoding="UTF-8"?>
<!-- Generated by org.testng.reporters.JUnitReportReporter -->
<testsuite skipped="0" hostname="MSI" name="org.gumtree.GumTree1" tests="1" failures="0" timestamp="14 Sep 2022 19:23:41 GMT" time="44.196" errors="0">
  <testcase name="postAd" time="44.196" classname="org.gumtree.GumTree1"/>
</testsuite> <!-- org.gumtree.GumTree1 -->
