<?xml version="1.0" encoding="UTF-8"?>
<!-- Generated by org.testng.reporters.JUnitReportReporter -->
<testsuite skipped="0" hostname="MSI" name="org.gumtree.Group2" tests="2" failures="0" timestamp="22 Sep 2022 13:26:10 GMT" time="29.333" errors="0">
  <testcase name="search2" time="18.529" classname="org.gumtree.Group2"/>
  <testcase name="search1" time="10.804" classname="org.gumtree.Group2"/>
</testsuite> <!-- org.gumtree.Group2 -->
