<?xml version="1.0" encoding="UTF-8"?>
<!-- Generated by org.testng.reporters.JUnitReportReporter -->
<testsuite skipped="0" hostname="MSI" name="org.browser.BrowserLaunch" tests="1" failures="0" timestamp="22 Sep 2022 10:57:29 GMT" time="16.361" errors="0">
  <testcase name="search1" time="16.361" classname="org.browser.BrowserLaunch"/>
</testsuite> <!-- org.browser.BrowserLaunch -->
