<?xml version="1.0" encoding="UTF-8"?>
<!-- Generated by org.testng.reporters.JUnitReportReporter -->
<testsuite skipped="0" hostname="MSI" name="org.gumtree.UteTown" tests="2" failures="0" timestamp="22 Sep 2022 14:11:38 GMT" time="33.019" errors="0">
  <testcase name="uteTown1" time="28.335" classname="org.gumtree.UteTown"/>
  <testcase name="uteTown2" time="4.684" classname="org.gumtree.UteTown"/>
</testsuite> <!-- org.gumtree.UteTown -->
