<?xml version="1.0" encoding="UTF-8"?>
<!-- Generated by org.testng.reporters.JUnitReportReporter -->
<testsuite skipped="0" hostname="MSI" name="org.gumtree.Group1" tests="1" failures="0" timestamp="22 Sep 2022 13:26:10 GMT" time="62.198" errors="0">
  <testcase name="search2" time="62.198" classname="org.gumtree.Group1"/>
</testsuite> <!-- org.gumtree.Group1 -->
